2025-03-18 13:26:36 - INFO - Error querying the tracker for available peers: Extra data: line 1 column 5 (char 4)
2025-03-18 13:26:53 - INFO - File has 45 chunk(s) to download
2025-03-18 13:26:53 - INFO - Requesting chunk 0 from ['137.158.160.145', 58317]
2025-03-18 13:26:53 - INFO - Requesting chunk 1 from ['137.158.160.145', 58317]
2025-03-18 13:26:53 - INFO - Received 65536/1048576 bytes (6.2%)
2025-03-18 13:26:53 - INFO - Requesting chunk 2 from ['137.158.160.145', 58317]
2025-03-18 13:26:53 - INFO - Received 131072/1048576 bytes (12.5%)
2025-03-18 13:26:53 - INFO - Received 196608/1048576 bytes (18.8%)
2025-03-18 13:26:53 - INFO - Received 262144/1048576 bytes (25.0%)
2025-03-18 13:26:53 - INFO - Received 327680/1048576 bytes (31.2%)
2025-03-18 13:26:53 - INFO - Received 393216/1048576 bytes (37.5%)
2025-03-18 13:26:53 - INFO - Received 458752/1048576 bytes (43.8%)
2025-03-18 13:26:53 - INFO - Received 524288/1048576 bytes (50.0%)
2025-03-18 13:26:53 - INFO - Received 589824/1048576 bytes (56.2%)
2025-03-18 13:26:53 - INFO - Received 655360/1048576 bytes (62.5%)
2025-03-18 13:26:53 - INFO - Received 720896/1048576 bytes (68.8%)
2025-03-18 13:26:53 - INFO - Received 786432/1048576 bytes (75.0%)
2025-03-18 13:26:53 - INFO - Received 851968/1048576 bytes (81.2%)
2025-03-18 13:26:53 - INFO - Received 917504/1048576 bytes (87.5%)
2025-03-18 13:26:53 - INFO - Received 983040/1048576 bytes (93.8%)
2025-03-18 13:26:53 - INFO - Requesting chunk 3 from ['137.158.160.145', 58317]
2025-03-18 13:26:53 - INFO - Received 1048576/1048576 bytes (100.0%)
2025-03-18 13:26:53 - INFO - Received 65536/1048576 bytes (6.2%)
2025-03-18 13:26:53 - INFO - Received 131072/1048576 bytes (12.5%)
2025-03-18 13:26:53 - INFO - Requesting chunk 4 from ['137.158.160.145', 59197]
2025-03-18 13:26:53 - INFO - Successfully received chunk 0 (1048576 bytes)
2025-03-18 13:26:53 - INFO - Received 196608/1048576 bytes (18.8%)
2025-03-18 13:26:53 - INFO - Received 262144/1048576 bytes (25.0%)
2025-03-18 13:26:53 - INFO - Received 327680/1048576 bytes (31.2%)
2025-03-18 13:26:53 - INFO - Received 393216/1048576 bytes (37.5%)
2025-03-18 13:26:53 - INFO - Received 458752/1048576 bytes (43.8%)
2025-03-18 13:26:53 - INFO - Received 524288/1048576 bytes (50.0%)
2025-03-18 13:26:53 - INFO - Received 589824/1048576 bytes (56.2%)
2025-03-18 13:26:53 - INFO - Received 655360/1048576 bytes (62.5%)
2025-03-18 13:26:53 - INFO - Received 720896/1048576 bytes (68.8%)
2025-03-18 13:26:53 - INFO - Received 786432/1048576 bytes (75.0%)
2025-03-18 13:26:53 - INFO - Received 851968/1048576 bytes (81.2%)
2025-03-18 13:26:53 - INFO - Received 917504/1048576 bytes (87.5%)
2025-03-18 13:26:53 - INFO - Received 983040/1048576 bytes (93.8%)
2025-03-18 13:26:53 - INFO - Received 32768/1048576 bytes (3.1%)
2025-03-18 13:26:53 - INFO - Received 65536/1048576 bytes (6.2%)
2025-03-18 13:26:53 - INFO - Received 131072/1048576 bytes (12.5%)
2025-03-18 13:26:53 - INFO - Received 196608/1048576 bytes (18.8%)
2025-03-18 13:26:53 - INFO - Received 262144/1048576 bytes (25.0%)
2025-03-18 13:26:53 - INFO - Received 327680/1048576 bytes (31.2%)
2025-03-18 13:26:53 - INFO - Received 393216/1048576 bytes (37.5%)
2025-03-18 13:26:53 - INFO - Received 458752/1048576 bytes (43.8%)
2025-03-18 13:26:53 - INFO - Received 524288/1048576 bytes (50.0%)
2025-03-18 13:26:53 - INFO - Received 589824/1048576 bytes (56.2%)
2025-03-18 13:26:53 - INFO - Received 655360/1048576 bytes (62.5%)
2025-03-18 13:26:53 - INFO - Received 720896/1048576 bytes (68.8%)
2025-03-18 13:26:53 - INFO - Received 786432/1048576 bytes (75.0%)
2025-03-18 13:26:53 - INFO - Received 851968/1048576 bytes (81.2%)
2025-03-18 13:26:53 - INFO - Received 917504/1048576 bytes (87.5%)
2025-03-18 13:26:53 - INFO - Received 983040/1048576 bytes (93.8%)
2025-03-18 13:26:53 - INFO - Received 1048576/1048576 bytes (100.0%)
2025-03-18 13:26:53 - INFO - Successfully received chunk 1 (1048576 bytes)
2025-03-18 13:26:53 - INFO - Received 1048576/1048576 bytes (100.0%)
2025-03-18 13:26:53 - INFO - Successfully received chunk 2 (1048576 bytes)
2025-03-18 13:26:53 - INFO - Progress: 1/41 chunks downloaded
2025-03-18 13:26:53 - INFO - Requesting chunk 5 from ['137.158.160.145', 58317]
2025-03-18 13:26:53 - INFO - Received 32768/1048576 bytes (3.1%)
2025-03-18 13:26:53 - INFO - Received 65536/1048576 bytes (6.2%)
2025-03-18 13:26:53 - INFO - Received 131072/1048576 bytes (12.5%)
2025-03-18 13:26:53 - INFO - Received 196608/1048576 bytes (18.8%)
2025-03-18 13:26:53 - INFO - Received 262144/1048576 bytes (25.0%)
2025-03-18 13:26:53 - INFO - Received 327680/1048576 bytes (31.2%)
2025-03-18 13:26:53 - INFO - Received 393216/1048576 bytes (37.5%)
2025-03-18 13:26:53 - INFO - Received 458752/1048576 bytes (43.8%)
2025-03-18 13:26:53 - INFO - Received 491520/1048576 bytes (46.9%)
2025-03-18 13:26:53 - INFO - Received 524288/1048576 bytes (50.0%)
2025-03-18 13:26:53 - INFO - Progress: 2/41 chunks downloaded
2025-03-18 13:26:53 - INFO - Requesting chunk 6 from ['137.158.160.145', 58317]
2025-03-18 13:26:53 - INFO - Progress: 3/41 chunks downloaded
2025-03-18 13:26:53 - INFO - Requesting chunk 7 from ['137.158.160.145', 58317]
2025-03-18 13:26:53 - INFO - Received 589771/1048576 bytes (56.2%)
2025-03-18 13:26:53 - INFO - Received 655254/1048576 bytes (62.5%)
2025-03-18 13:26:53 - INFO - Received 720737/1048576 bytes (68.7%)
2025-03-18 13:26:53 - INFO - Received 786220/1048576 bytes (75.0%)
2025-03-18 13:26:53 - INFO - Received 851703/1048576 bytes (81.2%)
2025-03-18 13:26:53 - INFO - Received 917186/1048576 bytes (87.5%)
2025-03-18 13:26:53 - INFO - Received 982669/1048576 bytes (93.7%)
2025-03-18 13:26:53 - INFO - Received 1048152/1048576 bytes (100.0%)
2025-03-18 13:26:53 - INFO - Received 1048576/1048576 bytes (100.0%)
2025-03-18 13:26:53 - INFO - Successfully received chunk 3 (1048576 bytes)
2025-03-18 13:26:53 - INFO - Received 32768/1048576 bytes (3.1%)
2025-03-18 13:26:53 - INFO - Received 65536/1048576 bytes (6.2%)
2025-03-18 13:26:53 - INFO - Progress: 4/41 chunks downloaded
2025-03-18 13:26:53 - INFO - Requesting chunk 8 from ['137.158.160.145', 58317]
2025-03-18 13:26:53 - INFO - Received 131072/1048576 bytes (12.5%)
2025-03-18 13:26:53 - INFO - Received 196608/1048576 bytes (18.8%)
2025-03-18 13:26:53 - INFO - Received 262144/1048576 bytes (25.0%)
2025-03-18 13:26:53 - INFO - Received 327680/1048576 bytes (31.2%)
2025-03-18 13:26:53 - INFO - Received 393216/1048576 bytes (37.5%)
2025-03-18 13:26:53 - INFO - Received 458752/1048576 bytes (43.8%)
2025-03-18 13:26:53 - INFO - Received 524288/1048576 bytes (50.0%)
2025-03-18 13:26:53 - INFO - Received 589824/1048576 bytes (56.2%)
2025-03-18 13:26:53 - INFO - Received 655360/1048576 bytes (62.5%)
2025-03-18 13:26:53 - INFO - Received 720896/1048576 bytes (68.8%)
2025-03-18 13:26:53 - INFO - Received 786432/1048576 bytes (75.0%)
2025-03-18 13:26:53 - INFO - Received 851968/1048576 bytes (81.2%)
2025-03-18 13:26:53 - INFO - Received 917504/1048576 bytes (87.5%)
2025-03-18 13:26:53 - INFO - Received 983040/1048576 bytes (93.8%)
2025-03-18 13:26:53 - INFO - Received 1048576/1048576 bytes (100.0%)
2025-03-18 13:26:53 - INFO - Successfully received chunk 4 (1048576 bytes)
2025-03-18 13:26:53 - INFO - Progress: 5/41 chunks downloaded
2025-03-18 13:26:53 - INFO - Requesting chunk 9 from ['137.158.160.145', 59197]
2025-03-18 13:26:53 - INFO - Received 32768/1048576 bytes (3.1%)
2025-03-18 13:26:53 - INFO - Received 65536/1048576 bytes (6.2%)
2025-03-18 13:26:53 - INFO - Received 131072/1048576 bytes (12.5%)
2025-03-18 13:26:53 - INFO - Received 196608/1048576 bytes (18.8%)
2025-03-18 13:26:53 - INFO - Received 262144/1048576 bytes (25.0%)
2025-03-18 13:26:53 - INFO - Received 327680/1048576 bytes (31.2%)
2025-03-18 13:26:53 - INFO - Received 393216/1048576 bytes (37.5%)
2025-03-18 13:26:53 - INFO - Received 458752/1048576 bytes (43.8%)
2025-03-18 13:26:53 - INFO - Received 524288/1048576 bytes (50.0%)
2025-03-18 13:26:53 - INFO - Received 589824/1048576 bytes (56.2%)
2025-03-18 13:26:53 - INFO - Received 655360/1048576 bytes (62.5%)
2025-03-18 13:26:53 - INFO - Received 720896/1048576 bytes (68.8%)
2025-03-18 13:26:53 - INFO - Received 786432/1048576 bytes (75.0%)
2025-03-18 13:26:53 - INFO - Received 851968/1048576 bytes (81.2%)
2025-03-18 13:26:53 - INFO - Received 917504/1048576 bytes (87.5%)
2025-03-18 13:26:53 - INFO - Received 983040/1048576 bytes (93.8%)
2025-03-18 13:26:53 - INFO - Received 1048576/1048576 bytes (100.0%)
2025-03-18 13:26:53 - INFO - Successfully received chunk 5 (1048576 bytes)
2025-03-18 13:26:53 - INFO - Progress: 6/41 chunks downloaded
2025-03-18 13:26:53 - INFO - Requesting chunk 10 from ['137.158.160.145', 58317]
2025-03-18 13:26:53 - INFO - Received 32768/1048576 bytes (3.1%)
2025-03-18 13:26:53 - INFO - Received 65536/1048576 bytes (6.2%)
2025-03-18 13:26:53 - INFO - Received 131072/1048576 bytes (12.5%)
2025-03-18 13:26:53 - INFO - Received 196608/1048576 bytes (18.8%)
2025-03-18 13:26:53 - INFO - Received 262144/1048576 bytes (25.0%)
2025-03-18 13:26:53 - INFO - Received 327680/1048576 bytes (31.2%)
2025-03-18 13:26:53 - INFO - Received 393216/1048576 bytes (37.5%)
2025-03-18 13:26:53 - INFO - Received 458752/1048576 bytes (43.8%)
2025-03-18 13:26:53 - INFO - Received 491520/1048576 bytes (46.9%)
2025-03-18 13:26:53 - INFO - Received 524288/1048576 bytes (50.0%)
2025-03-18 13:26:53 - INFO - Received 589771/1048576 bytes (56.2%)
2025-03-18 13:26:53 - INFO - Received 655254/1048576 bytes (62.5%)
2025-03-18 13:26:53 - INFO - Received 720737/1048576 bytes (68.7%)
2025-03-18 13:26:53 - INFO - Received 786273/1048576 bytes (75.0%)
2025-03-18 13:26:53 - INFO - Received 851809/1048576 bytes (81.2%)
2025-03-18 13:26:53 - INFO - Received 917186/1048576 bytes (87.5%)
2025-03-18 13:26:53 - INFO - Received 982669/1048576 bytes (93.7%)
2025-03-18 13:26:53 - INFO - Received 1048152/1048576 bytes (100.0%)
2025-03-18 13:26:53 - INFO - Received 1048576/1048576 bytes (100.0%)
2025-03-18 13:26:53 - INFO - Successfully received chunk 6 (1048576 bytes)
2025-03-18 13:26:53 - INFO - Progress: 7/41 chunks downloaded
2025-03-18 13:26:53 - INFO - Requesting chunk 11 from ['137.158.160.145', 58317]
2025-03-18 13:26:53 - INFO - Received 32768/1048576 bytes (3.1%)
2025-03-18 13:26:53 - INFO - Received 65536/1048576 bytes (6.2%)
2025-03-18 13:26:53 - INFO - Received 131072/1048576 bytes (12.5%)
2025-03-18 13:26:53 - INFO - Received 196608/1048576 bytes (18.8%)
2025-03-18 13:26:53 - INFO - Received 262144/1048576 bytes (25.0%)
2025-03-18 13:26:53 - INFO - Received 327680/1048576 bytes (31.2%)
2025-03-18 13:26:53 - INFO - Received 393216/1048576 bytes (37.5%)
2025-03-18 13:26:53 - INFO - Received 458752/1048576 bytes (43.8%)
2025-03-18 13:26:53 - INFO - Received 491520/1048576 bytes (46.9%)
2025-03-18 13:26:53 - INFO - Received 524288/1048576 bytes (50.0%)
2025-03-18 13:26:53 - INFO - Received 589771/1048576 bytes (56.2%)
2025-03-18 13:26:53 - INFO - Received 655307/1048576 bytes (62.5%)
2025-03-18 13:26:53 - INFO - Received 720843/1048576 bytes (68.7%)
2025-03-18 13:26:53 - INFO - Received 786379/1048576 bytes (75.0%)
2025-03-18 13:26:53 - INFO - Received 851915/1048576 bytes (81.2%)
2025-03-18 13:26:53 - INFO - Received 917451/1048576 bytes (87.5%)
2025-03-18 13:26:53 - INFO - Received 982987/1048576 bytes (93.7%)
2025-03-18 13:26:53 - INFO - Received 1048523/1048576 bytes (100.0%)
2025-03-18 13:26:53 - INFO - Received 1048576/1048576 bytes (100.0%)
2025-03-18 13:26:53 - INFO - Successfully received chunk 7 (1048576 bytes)
2025-03-18 13:26:53 - INFO - Progress: 8/41 chunks downloaded
2025-03-18 13:26:53 - INFO - Requesting chunk 12 from ['137.158.160.145', 58317]
2025-03-18 13:26:53 - INFO - Received 32768/1048576 bytes (3.1%)
2025-03-18 13:26:53 - INFO - Received 65536/1048576 bytes (6.2%)
2025-03-18 13:26:53 - INFO - Received 131072/1048576 bytes (12.5%)
2025-03-18 13:26:53 - INFO - Received 196608/1048576 bytes (18.8%)
2025-03-18 13:26:53 - INFO - Received 262144/1048576 bytes (25.0%)
2025-03-18 13:26:53 - INFO - Received 327680/1048576 bytes (31.2%)
2025-03-18 13:26:53 - INFO - Received 393216/1048576 bytes (37.5%)
2025-03-18 13:26:53 - INFO - Received 458752/1048576 bytes (43.8%)
2025-03-18 13:26:53 - INFO - Received 524288/1048576 bytes (50.0%)
2025-03-18 13:26:53 - INFO - Received 589824/1048576 bytes (56.2%)
2025-03-18 13:26:53 - INFO - Received 655360/1048576 bytes (62.5%)
2025-03-18 13:26:53 - INFO - Received 720896/1048576 bytes (68.8%)
2025-03-18 13:26:53 - INFO - Received 786432/1048576 bytes (75.0%)
2025-03-18 13:26:53 - INFO - Received 851968/1048576 bytes (81.2%)
2025-03-18 13:26:53 - INFO - Received 917504/1048576 bytes (87.5%)
2025-03-18 13:26:53 - INFO - Received 983040/1048576 bytes (93.8%)
2025-03-18 13:26:53 - INFO - Received 1048576/1048576 bytes (100.0%)
2025-03-18 13:26:53 - INFO - Successfully received chunk 8 (1048576 bytes)
2025-03-18 13:26:53 - INFO - Progress: 9/41 chunks downloaded
2025-03-18 13:26:53 - INFO - Requesting chunk 13 from ['137.158.160.145', 58317]
2025-03-18 13:26:53 - INFO - Received 32768/1048576 bytes (3.1%)
2025-03-18 13:26:53 - INFO - Received 65536/1048576 bytes (6.2%)
2025-03-18 13:26:53 - INFO - Received 131072/1048576 bytes (12.5%)
2025-03-18 13:26:53 - INFO - Received 196608/1048576 bytes (18.8%)
2025-03-18 13:26:53 - INFO - Received 262144/1048576 bytes (25.0%)
2025-03-18 13:26:53 - INFO - Received 327680/1048576 bytes (31.2%)
2025-03-18 13:26:53 - INFO - Received 393216/1048576 bytes (37.5%)
2025-03-18 13:26:53 - INFO - Received 458752/1048576 bytes (43.8%)
2025-03-18 13:26:53 - INFO - Received 524288/1048576 bytes (50.0%)
2025-03-18 13:26:53 - INFO - Received 589824/1048576 bytes (56.2%)
2025-03-18 13:26:53 - INFO - Received 655360/1048576 bytes (62.5%)
2025-03-18 13:26:53 - INFO - Received 720896/1048576 bytes (68.8%)
2025-03-18 13:26:53 - INFO - Received 786432/1048576 bytes (75.0%)
2025-03-18 13:26:53 - INFO - Received 851968/1048576 bytes (81.2%)
2025-03-18 13:26:53 - INFO - Received 917504/1048576 bytes (87.5%)
2025-03-18 13:26:53 - INFO - Received 983040/1048576 bytes (93.8%)
2025-03-18 13:26:53 - INFO - Received 1048576/1048576 bytes (100.0%)
2025-03-18 13:26:53 - INFO - Successfully received chunk 9 (1048576 bytes)
2025-03-18 13:26:53 - INFO - Progress: 10/41 chunks downloaded
2025-03-18 13:26:53 - INFO - Requesting chunk 14 from ['137.158.160.145', 59197]
2025-03-18 13:26:54 - INFO - Received 32768/1048576 bytes (3.1%)
2025-03-18 13:26:54 - INFO - Received 65536/1048576 bytes (6.2%)
2025-03-18 13:26:54 - INFO - Received 131072/1048576 bytes (12.5%)
2025-03-18 13:26:54 - INFO - Received 196608/1048576 bytes (18.8%)
2025-03-18 13:26:54 - INFO - Received 262144/1048576 bytes (25.0%)
2025-03-18 13:26:54 - INFO - Received 327680/1048576 bytes (31.2%)
2025-03-18 13:26:54 - INFO - Received 393216/1048576 bytes (37.5%)
2025-03-18 13:26:54 - INFO - Received 458752/1048576 bytes (43.8%)
2025-03-18 13:26:54 - INFO - Received 524288/1048576 bytes (50.0%)
2025-03-18 13:26:54 - INFO - Received 589824/1048576 bytes (56.2%)
2025-03-18 13:26:54 - INFO - Received 655360/1048576 bytes (62.5%)
2025-03-18 13:26:54 - INFO - Received 720896/1048576 bytes (68.8%)
2025-03-18 13:26:54 - INFO - Received 786432/1048576 bytes (75.0%)
2025-03-18 13:26:54 - INFO - Received 851968/1048576 bytes (81.2%)
2025-03-18 13:26:54 - INFO - Received 917504/1048576 bytes (87.5%)
2025-03-18 13:26:54 - INFO - Received 983040/1048576 bytes (93.8%)
2025-03-18 13:26:54 - INFO - Received 1048576/1048576 bytes (100.0%)
2025-03-18 13:26:54 - INFO - Successfully received chunk 10 (1048576 bytes)
2025-03-18 13:26:54 - INFO - Progress: 11/41 chunks downloaded
2025-03-18 13:26:54 - INFO - Requesting chunk 15 from ['137.158.160.145', 58317]
2025-03-18 13:26:54 - INFO - Received 32768/1048576 bytes (3.1%)
2025-03-18 13:26:54 - INFO - Received 65536/1048576 bytes (6.2%)
2025-03-18 13:26:54 - INFO - Received 131072/1048576 bytes (12.5%)
2025-03-18 13:26:54 - INFO - Received 196608/1048576 bytes (18.8%)
2025-03-18 13:26:54 - INFO - Received 262144/1048576 bytes (25.0%)
2025-03-18 13:26:54 - INFO - Received 327680/1048576 bytes (31.2%)
2025-03-18 13:26:54 - INFO - Received 393216/1048576 bytes (37.5%)
2025-03-18 13:26:54 - INFO - Received 458752/1048576 bytes (43.8%)
2025-03-18 13:26:54 - INFO - Received 524288/1048576 bytes (50.0%)
2025-03-18 13:26:54 - INFO - Received 589824/1048576 bytes (56.2%)
2025-03-18 13:26:54 - INFO - Received 655360/1048576 bytes (62.5%)
2025-03-18 13:26:54 - INFO - Received 720896/1048576 bytes (68.8%)
2025-03-18 13:26:54 - INFO - Received 786432/1048576 bytes (75.0%)
2025-03-18 13:26:54 - INFO - Received 851968/1048576 bytes (81.2%)
2025-03-18 13:26:54 - INFO - Received 917504/1048576 bytes (87.5%)
2025-03-18 13:26:54 - INFO - Received 983040/1048576 bytes (93.8%)
2025-03-18 13:26:54 - INFO - Received 1048576/1048576 bytes (100.0%)
2025-03-18 13:26:54 - INFO - Successfully received chunk 11 (1048576 bytes)
2025-03-18 13:26:54 - INFO - Progress: 12/41 chunks downloaded
2025-03-18 13:26:54 - INFO - Requesting chunk 16 from ['137.158.160.145', 58317]
2025-03-18 13:26:54 - INFO - Received 32768/1048576 bytes (3.1%)
2025-03-18 13:26:54 - INFO - Received 65536/1048576 bytes (6.2%)
2025-03-18 13:26:54 - INFO - Received 131072/1048576 bytes (12.5%)
2025-03-18 13:26:54 - INFO - Received 196608/1048576 bytes (18.8%)
2025-03-18 13:26:54 - INFO - Received 262144/1048576 bytes (25.0%)
2025-03-18 13:26:54 - INFO - Received 327680/1048576 bytes (31.2%)
2025-03-18 13:26:54 - INFO - Received 393216/1048576 bytes (37.5%)
2025-03-18 13:26:54 - INFO - Received 458752/1048576 bytes (43.8%)
2025-03-18 13:26:54 - INFO - Received 524288/1048576 bytes (50.0%)
2025-03-18 13:26:54 - INFO - Received 589824/1048576 bytes (56.2%)
2025-03-18 13:26:54 - INFO - Received 655360/1048576 bytes (62.5%)
2025-03-18 13:26:54 - INFO - Received 720896/1048576 bytes (68.8%)
2025-03-18 13:26:54 - INFO - Received 786432/1048576 bytes (75.0%)
2025-03-18 13:26:54 - INFO - Received 851968/1048576 bytes (81.2%)
2025-03-18 13:26:54 - INFO - Received 917504/1048576 bytes (87.5%)
2025-03-18 13:26:54 - INFO - Received 983040/1048576 bytes (93.8%)
2025-03-18 13:26:54 - INFO - Received 1048576/1048576 bytes (100.0%)
2025-03-18 13:26:54 - INFO - Successfully received chunk 12 (1048576 bytes)
2025-03-18 13:26:54 - INFO - Progress: 13/41 chunks downloaded
2025-03-18 13:26:54 - INFO - Requesting chunk 17 from ['137.158.160.145', 58317]
2025-03-18 13:26:54 - INFO - Received 32768/1048576 bytes (3.1%)
2025-03-18 13:26:54 - INFO - Received 65536/1048576 bytes (6.2%)
2025-03-18 13:26:54 - INFO - Received 131072/1048576 bytes (12.5%)
2025-03-18 13:26:54 - INFO - Received 196608/1048576 bytes (18.8%)
2025-03-18 13:26:54 - INFO - Received 262144/1048576 bytes (25.0%)
2025-03-18 13:26:54 - INFO - Received 327680/1048576 bytes (31.2%)
2025-03-18 13:26:54 - INFO - Received 393216/1048576 bytes (37.5%)
2025-03-18 13:26:54 - INFO - Received 458752/1048576 bytes (43.8%)
2025-03-18 13:26:54 - INFO - Received 491520/1048576 bytes (46.9%)
2025-03-18 13:26:54 - INFO - Received 524288/1048576 bytes (50.0%)
2025-03-18 13:26:54 - INFO - Received 589771/1048576 bytes (56.2%)
2025-03-18 13:26:54 - INFO - Received 655254/1048576 bytes (62.5%)
2025-03-18 13:26:54 - INFO - Received 720737/1048576 bytes (68.7%)
2025-03-18 13:26:54 - INFO - Received 786220/1048576 bytes (75.0%)
2025-03-18 13:26:54 - INFO - Received 851703/1048576 bytes (81.2%)
2025-03-18 13:26:54 - INFO - Received 917186/1048576 bytes (87.5%)
2025-03-18 13:26:54 - INFO - Received 982722/1048576 bytes (93.7%)
2025-03-18 13:26:54 - INFO - Received 1048258/1048576 bytes (100.0%)
2025-03-18 13:26:54 - INFO - Received 1048576/1048576 bytes (100.0%)
2025-03-18 13:26:54 - INFO - Successfully received chunk 13 (1048576 bytes)
2025-03-18 13:26:54 - INFO - Progress: 14/41 chunks downloaded
2025-03-18 13:26:54 - INFO - Requesting chunk 18 from ['137.158.160.145', 58317]
2025-03-18 13:26:54 - INFO - Received 32768/1048576 bytes (3.1%)
2025-03-18 13:26:54 - INFO - Received 65536/1048576 bytes (6.2%)
2025-03-18 13:26:54 - INFO - Received 131072/1048576 bytes (12.5%)
2025-03-18 13:26:54 - INFO - Received 196608/1048576 bytes (18.8%)
2025-03-18 13:26:54 - INFO - Received 262144/1048576 bytes (25.0%)
2025-03-18 13:26:54 - INFO - Received 327680/1048576 bytes (31.2%)
2025-03-18 13:26:54 - INFO - Received 393216/1048576 bytes (37.5%)
2025-03-18 13:26:54 - INFO - Received 458752/1048576 bytes (43.8%)
2025-03-18 13:26:54 - INFO - Received 491520/1048576 bytes (46.9%)
2025-03-18 13:26:54 - INFO - Received 524288/1048576 bytes (50.0%)
2025-03-18 13:26:54 - INFO - Received 589824/1048576 bytes (56.2%)
2025-03-18 13:26:54 - INFO - Received 655360/1048576 bytes (62.5%)
2025-03-18 13:26:54 - INFO - Received 720896/1048576 bytes (68.8%)
2025-03-18 13:26:54 - INFO - Received 786432/1048576 bytes (75.0%)
2025-03-18 13:26:54 - INFO - Received 851968/1048576 bytes (81.2%)
2025-03-18 13:26:54 - INFO - Received 917504/1048576 bytes (87.5%)
2025-03-18 13:26:54 - INFO - Received 983040/1048576 bytes (93.8%)
2025-03-18 13:26:54 - INFO - Received 1048576/1048576 bytes (100.0%)
2025-03-18 13:26:54 - INFO - Successfully received chunk 14 (1048576 bytes)
2025-03-18 13:26:54 - INFO - Progress: 15/41 chunks downloaded
2025-03-18 13:26:54 - INFO - Requesting chunk 19 from ['137.158.160.145', 59197]
2025-03-18 13:26:54 - INFO - Received 32768/1048576 bytes (3.1%)
2025-03-18 13:26:54 - INFO - Received 65536/1048576 bytes (6.2%)
2025-03-18 13:26:54 - INFO - Received 131072/1048576 bytes (12.5%)
2025-03-18 13:26:54 - INFO - Received 196608/1048576 bytes (18.8%)
2025-03-18 13:26:54 - INFO - Received 262144/1048576 bytes (25.0%)
2025-03-18 13:26:54 - INFO - Received 327680/1048576 bytes (31.2%)
2025-03-18 13:26:54 - INFO - Received 393216/1048576 bytes (37.5%)
2025-03-18 13:26:54 - INFO - Received 458752/1048576 bytes (43.8%)
2025-03-18 13:26:54 - INFO - Received 524288/1048576 bytes (50.0%)
2025-03-18 13:26:54 - INFO - Received 589771/1048576 bytes (56.2%)
2025-03-18 13:26:54 - INFO - Received 655307/1048576 bytes (62.5%)
2025-03-18 13:26:54 - INFO - Received 720843/1048576 bytes (68.7%)
2025-03-18 13:26:54 - INFO - Received 786379/1048576 bytes (75.0%)
2025-03-18 13:26:54 - INFO - Received 851915/1048576 bytes (81.2%)
2025-03-18 13:26:54 - INFO - Received 917451/1048576 bytes (87.5%)
2025-03-18 13:26:54 - INFO - Received 982987/1048576 bytes (93.7%)
2025-03-18 13:26:54 - INFO - Received 1048152/1048576 bytes (100.0%)
2025-03-18 13:26:54 - INFO - Received 1048576/1048576 bytes (100.0%)
2025-03-18 13:26:54 - INFO - Successfully received chunk 15 (1048576 bytes)
2025-03-18 13:26:54 - INFO - Progress: 16/41 chunks downloaded
2025-03-18 13:26:54 - INFO - Requesting chunk 20 from ['137.158.160.145', 58317]
2025-03-18 13:26:54 - INFO - Received 32768/1048576 bytes (3.1%)
2025-03-18 13:26:54 - INFO - Received 65536/1048576 bytes (6.2%)
2025-03-18 13:26:54 - INFO - Received 131072/1048576 bytes (12.5%)
2025-03-18 13:26:54 - INFO - Received 196608/1048576 bytes (18.8%)
2025-03-18 13:26:54 - INFO - Received 262144/1048576 bytes (25.0%)
2025-03-18 13:26:54 - INFO - Received 327680/1048576 bytes (31.2%)
2025-03-18 13:26:54 - INFO - Received 393216/1048576 bytes (37.5%)
2025-03-18 13:26:54 - INFO - Received 458752/1048576 bytes (43.8%)
2025-03-18 13:26:54 - INFO - Received 524288/1048576 bytes (50.0%)
2025-03-18 13:26:54 - INFO - Received 589824/1048576 bytes (56.2%)
2025-03-18 13:26:54 - INFO - Received 655360/1048576 bytes (62.5%)
2025-03-18 13:26:54 - INFO - Received 720896/1048576 bytes (68.8%)
2025-03-18 13:26:54 - INFO - Received 786432/1048576 bytes (75.0%)
2025-03-18 13:26:54 - INFO - Received 851968/1048576 bytes (81.2%)
2025-03-18 13:26:54 - INFO - Received 917504/1048576 bytes (87.5%)
2025-03-18 13:26:54 - INFO - Received 983040/1048576 bytes (93.8%)
2025-03-18 13:26:54 - INFO - Received 1048576/1048576 bytes (100.0%)
2025-03-18 13:26:54 - INFO - Successfully received chunk 16 (1048576 bytes)
2025-03-18 13:26:54 - INFO - Progress: 17/41 chunks downloaded
2025-03-18 13:26:54 - INFO - Requesting chunk 21 from ['137.158.160.145', 58317]
2025-03-18 13:26:54 - INFO - Received 32768/1048576 bytes (3.1%)
2025-03-18 13:26:54 - INFO - Received 65536/1048576 bytes (6.2%)
2025-03-18 13:26:54 - INFO - Received 131072/1048576 bytes (12.5%)
2025-03-18 13:26:54 - INFO - Received 196608/1048576 bytes (18.8%)
2025-03-18 13:26:54 - INFO - Received 262144/1048576 bytes (25.0%)
2025-03-18 13:26:54 - INFO - Received 327680/1048576 bytes (31.2%)
2025-03-18 13:26:54 - INFO - Received 393216/1048576 bytes (37.5%)
2025-03-18 13:26:54 - INFO - Received 458752/1048576 bytes (43.8%)
2025-03-18 13:26:54 - INFO - Received 524288/1048576 bytes (50.0%)
2025-03-18 13:26:54 - INFO - Received 589824/1048576 bytes (56.2%)
2025-03-18 13:26:54 - INFO - Received 655360/1048576 bytes (62.5%)
2025-03-18 13:26:54 - INFO - Received 720896/1048576 bytes (68.8%)
2025-03-18 13:26:54 - INFO - Received 786432/1048576 bytes (75.0%)
2025-03-18 13:26:54 - INFO - Received 851968/1048576 bytes (81.2%)
2025-03-18 13:26:54 - INFO - Received 917504/1048576 bytes (87.5%)
2025-03-18 13:26:54 - INFO - Received 983040/1048576 bytes (93.8%)
2025-03-18 13:26:54 - INFO - Received 1048576/1048576 bytes (100.0%)
2025-03-18 13:26:54 - INFO - Successfully received chunk 17 (1048576 bytes)
2025-03-18 13:26:54 - INFO - Received 32768/1048576 bytes (3.1%)
2025-03-18 13:26:54 - INFO - Received 65536/1048576 bytes (6.2%)
2025-03-18 13:26:54 - INFO - Received 98304/1048576 bytes (9.4%)
2025-03-18 13:26:54 - INFO - Received 163840/1048576 bytes (15.6%)
2025-03-18 13:26:54 - INFO - Received 229376/1048576 bytes (21.9%)
2025-03-18 13:26:54 - INFO - Received 294912/1048576 bytes (28.1%)
2025-03-18 13:26:54 - INFO - Received 360448/1048576 bytes (34.4%)
2025-03-18 13:26:54 - INFO - Received 425984/1048576 bytes (40.6%)
2025-03-18 13:26:54 - INFO - Received 491520/1048576 bytes (46.9%)
2025-03-18 13:26:54 - INFO - Received 557056/1048576 bytes (53.1%)
2025-03-18 13:26:54 - INFO - Received 131072/1048576 bytes (12.5%)
2025-03-18 13:26:54 - INFO - Received 196608/1048576 bytes (18.8%)
2025-03-18 13:26:54 - INFO - Received 262144/1048576 bytes (25.0%)
2025-03-18 13:26:54 - INFO - Received 327680/1048576 bytes (31.2%)
2025-03-18 13:26:54 - INFO - Received 393216/1048576 bytes (37.5%)
2025-03-18 13:26:54 - INFO - Received 458752/1048576 bytes (43.8%)
2025-03-18 13:26:54 - INFO - Received 524288/1048576 bytes (50.0%)
2025-03-18 13:26:54 - INFO - Received 589824/1048576 bytes (56.2%)
2025-03-18 13:26:54 - INFO - Received 655360/1048576 bytes (62.5%)
2025-03-18 13:26:54 - INFO - Received 720896/1048576 bytes (68.8%)
2025-03-18 13:26:54 - INFO - Received 786432/1048576 bytes (75.0%)
2025-03-18 13:26:54 - INFO - Received 851968/1048576 bytes (81.2%)
2025-03-18 13:26:54 - INFO - Received 917504/1048576 bytes (87.5%)
2025-03-18 13:26:54 - INFO - Received 983040/1048576 bytes (93.8%)
2025-03-18 13:26:54 - INFO - Received 1048576/1048576 bytes (100.0%)
2025-03-18 13:26:54 - INFO - Successfully received chunk 21 (1048576 bytes)
2025-03-18 13:26:54 - INFO - Received 65536/1048576 bytes (6.2%)
2025-03-18 13:26:54 - INFO - Received 131072/1048576 bytes (12.5%)
2025-03-18 13:26:54 - INFO - Received 196608/1048576 bytes (18.8%)
2025-03-18 13:26:54 - INFO - Received 262144/1048576 bytes (25.0%)
2025-03-18 13:26:54 - INFO - Received 327680/1048576 bytes (31.2%)
2025-03-18 13:26:54 - INFO - Received 393216/1048576 bytes (37.5%)
2025-03-18 13:26:54 - INFO - Received 458752/1048576 bytes (43.8%)
2025-03-18 13:26:54 - INFO - Received 524288/1048576 bytes (50.0%)
2025-03-18 13:26:54 - INFO - Received 589824/1048576 bytes (56.2%)
2025-03-18 13:26:54 - INFO - Received 655360/1048576 bytes (62.5%)
2025-03-18 13:26:54 - INFO - Received 720896/1048576 bytes (68.8%)
2025-03-18 13:26:54 - INFO - Received 786432/1048576 bytes (75.0%)
2025-03-18 13:26:54 - INFO - Received 851968/1048576 bytes (81.2%)
2025-03-18 13:26:54 - INFO - Received 917504/1048576 bytes (87.5%)
2025-03-18 13:26:54 - INFO - Received 983040/1048576 bytes (93.8%)
2025-03-18 13:26:54 - INFO - Received 1048576/1048576 bytes (100.0%)
2025-03-18 13:26:54 - INFO - Successfully received chunk 20 (1048576 bytes)
2025-03-18 13:26:54 - INFO - Received 65536/1048576 bytes (6.2%)
2025-03-18 13:26:54 - INFO - Received 131072/1048576 bytes (12.5%)
2025-03-18 13:26:54 - INFO - Received 196608/1048576 bytes (18.8%)
2025-03-18 13:26:54 - INFO - Received 262144/1048576 bytes (25.0%)
2025-03-18 13:26:54 - INFO - Received 327680/1048576 bytes (31.2%)
2025-03-18 13:26:54 - INFO - Received 393216/1048576 bytes (37.5%)
2025-03-18 13:26:54 - INFO - Received 458752/1048576 bytes (43.8%)
2025-03-18 13:26:54 - INFO - Received 524288/1048576 bytes (50.0%)
2025-03-18 13:26:54 - INFO - Received 589824/1048576 bytes (56.2%)
2025-03-18 13:26:54 - INFO - Received 655360/1048576 bytes (62.5%)
2025-03-18 13:26:54 - INFO - Received 720896/1048576 bytes (68.8%)
2025-03-18 13:26:54 - INFO - Received 786432/1048576 bytes (75.0%)
2025-03-18 13:26:54 - INFO - Received 851968/1048576 bytes (81.2%)
2025-03-18 13:26:54 - INFO - Received 917504/1048576 bytes (87.5%)
2025-03-18 13:26:54 - INFO - Received 983040/1048576 bytes (93.8%)
2025-03-18 13:26:54 - INFO - Received 1048576/1048576 bytes (100.0%)
2025-03-18 13:26:54 - INFO - Successfully received chunk 19 (1048576 bytes)
2025-03-18 13:26:54 - INFO - Received 622592/1048576 bytes (59.4%)
2025-03-18 13:26:54 - INFO - Received 688128/1048576 bytes (65.6%)
2025-03-18 13:26:54 - INFO - Received 753664/1048576 bytes (71.9%)
2025-03-18 13:26:54 - INFO - Received 819200/1048576 bytes (78.1%)
2025-03-18 13:26:54 - INFO - Received 884736/1048576 bytes (84.4%)
2025-03-18 13:26:54 - INFO - Received 950272/1048576 bytes (90.6%)
2025-03-18 13:26:54 - INFO - Received 1015808/1048576 bytes (96.9%)
2025-03-18 13:26:54 - INFO - Received 1048576/1048576 bytes (100.0%)
2025-03-18 13:26:54 - INFO - Successfully received chunk 18 (1048576 bytes)
2025-03-18 13:26:54 - INFO - Progress: 18/41 chunks downloaded
2025-03-18 13:26:55 - INFO - Requesting chunk 22 from ['137.158.160.145', 58317]
2025-03-18 13:26:55 - INFO - Received 65536/1048576 bytes (6.2%)
2025-03-18 13:26:55 - INFO - Progress: 19/41 chunks downloaded
2025-03-18 13:26:55 - INFO - Requesting chunk 23 from ['137.158.160.145', 58317]
2025-03-18 13:26:55 - INFO - Progress: 20/41 chunks downloaded
2025-03-18 13:26:55 - INFO - Requesting chunk 24 from ['137.158.160.145', 58317]
2025-03-18 13:26:55 - INFO - Progress: 21/42 chunks downloaded
2025-03-18 13:26:55 - INFO - Requesting chunk 25 from ['137.158.160.145', 59197]
2025-03-18 13:26:55 - INFO - Received 131072/1048576 bytes (12.5%)
2025-03-18 13:26:55 - INFO - Received 196608/1048576 bytes (18.8%)
2025-03-18 13:26:55 - INFO - Received 262144/1048576 bytes (25.0%)
2025-03-18 13:26:55 - INFO - Received 327680/1048576 bytes (31.2%)
2025-03-18 13:26:55 - INFO - Received 393216/1048576 bytes (37.5%)
2025-03-18 13:26:55 - INFO - Received 458752/1048576 bytes (43.8%)
2025-03-18 13:26:55 - INFO - Received 524288/1048576 bytes (50.0%)
2025-03-18 13:26:55 - INFO - Received 589824/1048576 bytes (56.2%)
2025-03-18 13:26:55 - INFO - Received 655360/1048576 bytes (62.5%)
2025-03-18 13:26:55 - INFO - Received 720896/1048576 bytes (68.8%)
2025-03-18 13:26:55 - INFO - Received 786432/1048576 bytes (75.0%)
2025-03-18 13:26:55 - INFO - Received 851968/1048576 bytes (81.2%)
2025-03-18 13:26:55 - INFO - Received 917504/1048576 bytes (87.5%)
2025-03-18 13:26:55 - INFO - Received 983040/1048576 bytes (93.8%)
2025-03-18 13:26:55 - INFO - Received 1048576/1048576 bytes (100.0%)
2025-03-18 13:26:55 - INFO - Successfully received chunk 22 (1048576 bytes)
2025-03-18 13:26:55 - INFO - Received 65536/1048576 bytes (6.2%)
2025-03-18 13:26:55 - INFO - Received 131072/1048576 bytes (12.5%)
2025-03-18 13:26:55 - INFO - Received 196608/1048576 bytes (18.8%)
2025-03-18 13:26:55 - INFO - Received 262144/1048576 bytes (25.0%)
2025-03-18 13:26:55 - INFO - Received 327680/1048576 bytes (31.2%)
2025-03-18 13:26:55 - INFO - Received 393216/1048576 bytes (37.5%)
2025-03-18 13:26:55 - INFO - Received 458752/1048576 bytes (43.8%)
2025-03-18 13:26:55 - INFO - Received 524288/1048576 bytes (50.0%)
2025-03-18 13:26:55 - INFO - Received 589824/1048576 bytes (56.2%)
2025-03-18 13:26:55 - INFO - Received 655360/1048576 bytes (62.5%)
2025-03-18 13:26:55 - INFO - Received 720896/1048576 bytes (68.8%)
2025-03-18 13:26:55 - INFO - Received 786432/1048576 bytes (75.0%)
2025-03-18 13:26:55 - INFO - Received 851968/1048576 bytes (81.2%)
2025-03-18 13:26:55 - INFO - Received 917504/1048576 bytes (87.5%)
2025-03-18 13:26:55 - INFO - Received 983040/1048576 bytes (93.8%)
2025-03-18 13:26:55 - INFO - Received 1048576/1048576 bytes (100.0%)
2025-03-18 13:26:55 - INFO - Successfully received chunk 23 (1048576 bytes)
2025-03-18 13:26:55 - INFO - Received 32768/1048576 bytes (3.1%)
2025-03-18 13:26:55 - INFO - Received 65536/1048576 bytes (6.2%)
2025-03-18 13:26:55 - INFO - Received 131072/1048576 bytes (12.5%)
2025-03-18 13:26:55 - INFO - Received 196608/1048576 bytes (18.8%)
2025-03-18 13:26:55 - INFO - Received 262144/1048576 bytes (25.0%)
2025-03-18 13:26:55 - INFO - Received 327680/1048576 bytes (31.2%)
2025-03-18 13:26:55 - INFO - Received 393216/1048576 bytes (37.5%)
2025-03-18 13:26:55 - INFO - Received 458752/1048576 bytes (43.8%)
2025-03-18 13:26:55 - INFO - Received 524288/1048576 bytes (50.0%)
2025-03-18 13:26:55 - INFO - Received 589824/1048576 bytes (56.2%)
2025-03-18 13:26:55 - INFO - Received 655360/1048576 bytes (62.5%)
2025-03-18 13:26:55 - INFO - Received 720896/1048576 bytes (68.8%)
2025-03-18 13:26:55 - INFO - Received 786432/1048576 bytes (75.0%)
2025-03-18 13:26:55 - INFO - Received 851968/1048576 bytes (81.2%)
2025-03-18 13:26:55 - INFO - Received 917504/1048576 bytes (87.5%)
2025-03-18 13:26:55 - INFO - Received 983040/1048576 bytes (93.8%)
2025-03-18 13:26:55 - INFO - Received 1048576/1048576 bytes (100.0%)
2025-03-18 13:26:55 - INFO - Successfully received chunk 25 (1048576 bytes)
2025-03-18 13:26:55 - INFO - Received 32768/1048576 bytes (3.1%)
2025-03-18 13:26:55 - INFO - Received 65536/1048576 bytes (6.2%)
2025-03-18 13:26:55 - INFO - Received 131072/1048576 bytes (12.5%)
2025-03-18 13:26:55 - INFO - Received 196608/1048576 bytes (18.8%)
2025-03-18 13:26:55 - INFO - Received 262144/1048576 bytes (25.0%)
2025-03-18 13:26:55 - INFO - Received 327680/1048576 bytes (31.2%)
2025-03-18 13:26:55 - INFO - Received 393216/1048576 bytes (37.5%)
2025-03-18 13:26:55 - INFO - Received 458752/1048576 bytes (43.8%)
2025-03-18 13:26:55 - INFO - Received 491520/1048576 bytes (46.9%)
2025-03-18 13:26:55 - INFO - Received 524288/1048576 bytes (50.0%)
2025-03-18 13:26:55 - INFO - Progress: 22/41 chunks downloaded
2025-03-18 13:26:55 - INFO - Received 589771/1048576 bytes (56.2%)
2025-03-18 13:26:55 - INFO - Received 655307/1048576 bytes (62.5%)
2025-03-18 13:26:55 - INFO - Received 720843/1048576 bytes (68.7%)
2025-03-18 13:26:55 - INFO - Received 786379/1048576 bytes (75.0%)
2025-03-18 13:26:55 - INFO - Received 851915/1048576 bytes (81.2%)
2025-03-18 13:26:55 - INFO - Received 917451/1048576 bytes (87.5%)
2025-03-18 13:26:55 - INFO - Received 982987/1048576 bytes (93.7%)
2025-03-18 13:26:55 - INFO - Received 1048523/1048576 bytes (100.0%)
2025-03-18 13:26:55 - INFO - Received 1048576/1048576 bytes (100.0%)
2025-03-18 13:26:55 - INFO - Successfully received chunk 24 (1048576 bytes)
2025-03-18 13:26:55 - INFO - Progress: 23/41 chunks downloaded
2025-03-18 13:26:55 - INFO - Requesting chunk 27 from ['137.158.160.145', 58317]
2025-03-18 13:26:55 - INFO - Progress: 24/41 chunks downloaded
2025-03-18 13:26:55 - INFO - Requesting chunk 28 from ['137.158.160.145', 58317]
2025-03-18 13:26:55 - INFO - Requesting chunk 26 from ['137.158.160.145', 58317]
2025-03-18 13:26:55 - INFO - Received 32768/1048576 bytes (3.1%)
2025-03-18 13:26:55 - INFO - Received 65536/1048576 bytes (6.2%)
2025-03-18 13:26:55 - INFO - Received 131072/1048576 bytes (12.5%)
2025-03-18 13:26:55 - INFO - Received 196608/1048576 bytes (18.8%)
2025-03-18 13:26:55 - INFO - Received 262144/1048576 bytes (25.0%)
2025-03-18 13:26:55 - INFO - Received 327680/1048576 bytes (31.2%)
2025-03-18 13:26:55 - INFO - Received 393216/1048576 bytes (37.5%)
2025-03-18 13:26:55 - INFO - Received 458752/1048576 bytes (43.8%)
2025-03-18 13:26:55 - INFO - Received 524288/1048576 bytes (50.0%)
2025-03-18 13:26:55 - INFO - Received 589824/1048576 bytes (56.2%)
2025-03-18 13:26:55 - INFO - Received 655360/1048576 bytes (62.5%)
2025-03-18 13:26:55 - INFO - Received 720896/1048576 bytes (68.8%)
2025-03-18 13:26:55 - INFO - Received 786432/1048576 bytes (75.0%)
2025-03-18 13:26:55 - INFO - Received 851968/1048576 bytes (81.2%)
2025-03-18 13:26:55 - INFO - Received 917504/1048576 bytes (87.5%)
2025-03-18 13:26:55 - INFO - Received 983040/1048576 bytes (93.8%)
2025-03-18 13:26:55 - INFO - Received 1048576/1048576 bytes (100.0%)
2025-03-18 13:26:55 - INFO - Progress: 25/41 chunks downloaded
2025-03-18 13:26:55 - INFO - Requesting chunk 29 from ['137.158.160.145', 59197]
2025-03-18 13:26:55 - INFO - Successfully received chunk 27 (1048576 bytes)
2025-03-18 13:26:55 - INFO - Progress: 26/41 chunks downloaded
2025-03-18 13:26:55 - INFO - Requesting chunk 30 from ['137.158.160.145', 58317]
2025-03-18 13:26:55 - INFO - Progress: 27/41 chunks downloaded
2025-03-18 13:26:55 - INFO - Requesting chunk 31 from ['137.158.160.145', 58317]
2025-03-18 13:26:55 - INFO - Received 32768/1048576 bytes (3.1%)
2025-03-18 13:26:55 - INFO - Received 65536/1048576 bytes (6.2%)
2025-03-18 13:26:55 - INFO - Received 131072/1048576 bytes (12.5%)
2025-03-18 13:26:55 - INFO - Received 196608/1048576 bytes (18.8%)
2025-03-18 13:26:55 - INFO - Received 262144/1048576 bytes (25.0%)
2025-03-18 13:26:55 - INFO - Received 327680/1048576 bytes (31.2%)
2025-03-18 13:26:55 - INFO - Received 393216/1048576 bytes (37.5%)
2025-03-18 13:26:55 - INFO - Received 458752/1048576 bytes (43.8%)
2025-03-18 13:26:55 - INFO - Received 491520/1048576 bytes (46.9%)
2025-03-18 13:26:55 - INFO - Received 524288/1048576 bytes (50.0%)
2025-03-18 13:26:55 - INFO - Received 589824/1048576 bytes (56.2%)
2025-03-18 13:26:55 - INFO - Received 655360/1048576 bytes (62.5%)
2025-03-18 13:26:55 - INFO - Received 720737/1048576 bytes (68.7%)
2025-03-18 13:26:55 - INFO - Received 786220/1048576 bytes (75.0%)
2025-03-18 13:26:55 - INFO - Received 851703/1048576 bytes (81.2%)
2025-03-18 13:26:55 - INFO - Received 917186/1048576 bytes (87.5%)
2025-03-18 13:26:55 - INFO - Received 982669/1048576 bytes (93.7%)
2025-03-18 13:26:55 - INFO - Received 1048152/1048576 bytes (100.0%)
2025-03-18 13:26:55 - INFO - Received 1048576/1048576 bytes (100.0%)
2025-03-18 13:26:55 - INFO - Successfully received chunk 28 (1048576 bytes)
2025-03-18 13:26:55 - INFO - Progress: 28/41 chunks downloaded
2025-03-18 13:26:55 - INFO - Requesting chunk 32 from ['137.158.160.145', 58317]
2025-03-18 13:26:55 - INFO - Received 32768/1048576 bytes (3.1%)
2025-03-18 13:26:55 - INFO - Received 65536/1048576 bytes (6.2%)
2025-03-18 13:26:55 - INFO - Received 131072/1048576 bytes (12.5%)
2025-03-18 13:26:55 - INFO - Received 196608/1048576 bytes (18.8%)
2025-03-18 13:26:55 - INFO - Received 262144/1048576 bytes (25.0%)
2025-03-18 13:26:55 - INFO - Received 327680/1048576 bytes (31.2%)
2025-03-18 13:26:55 - INFO - Received 393216/1048576 bytes (37.5%)
2025-03-18 13:26:55 - INFO - Received 458752/1048576 bytes (43.8%)
2025-03-18 13:26:55 - INFO - Received 524288/1048576 bytes (50.0%)
2025-03-18 13:26:55 - INFO - Received 589824/1048576 bytes (56.2%)
2025-03-18 13:26:55 - INFO - Received 655360/1048576 bytes (62.5%)
2025-03-18 13:26:55 - INFO - Received 720737/1048576 bytes (68.7%)
2025-03-18 13:26:55 - INFO - Received 786220/1048576 bytes (75.0%)
2025-03-18 13:26:55 - INFO - Received 851756/1048576 bytes (81.2%)
2025-03-18 13:26:55 - INFO - Received 917292/1048576 bytes (87.5%)
2025-03-18 13:26:55 - INFO - Received 982669/1048576 bytes (93.7%)
2025-03-18 13:26:55 - INFO - Received 1048152/1048576 bytes (100.0%)
2025-03-18 13:26:55 - INFO - Received 1048576/1048576 bytes (100.0%)
2025-03-18 13:26:55 - INFO - Successfully received chunk 26 (1048576 bytes)
2025-03-18 13:26:55 - INFO - Progress: 29/41 chunks downloaded
2025-03-18 13:26:55 - INFO - Requesting chunk 33 from ['137.158.160.145', 58317]
2025-03-18 13:26:55 - INFO - Received 32768/1048576 bytes (3.1%)
2025-03-18 13:26:55 - INFO - Received 65536/1048576 bytes (6.2%)
2025-03-18 13:26:55 - INFO - Received 131072/1048576 bytes (12.5%)
2025-03-18 13:26:55 - INFO - Received 196608/1048576 bytes (18.8%)
2025-03-18 13:26:55 - INFO - Received 262144/1048576 bytes (25.0%)
2025-03-18 13:26:55 - INFO - Received 327680/1048576 bytes (31.2%)
2025-03-18 13:26:55 - INFO - Received 393216/1048576 bytes (37.5%)
2025-03-18 13:26:55 - INFO - Received 458752/1048576 bytes (43.8%)
2025-03-18 13:26:55 - INFO - Received 524288/1048576 bytes (50.0%)
2025-03-18 13:26:55 - INFO - Received 589824/1048576 bytes (56.2%)
2025-03-18 13:26:55 - INFO - Received 655360/1048576 bytes (62.5%)
2025-03-18 13:26:55 - INFO - Received 720896/1048576 bytes (68.8%)
2025-03-18 13:26:55 - INFO - Received 786432/1048576 bytes (75.0%)
2025-03-18 13:26:55 - INFO - Received 851968/1048576 bytes (81.2%)
2025-03-18 13:26:55 - INFO - Received 917504/1048576 bytes (87.5%)
2025-03-18 13:26:55 - INFO - Received 983040/1048576 bytes (93.8%)
2025-03-18 13:26:55 - INFO - Received 1048576/1048576 bytes (100.0%)
2025-03-18 13:26:55 - INFO - Successfully received chunk 29 (1048576 bytes)
2025-03-18 13:26:55 - INFO - Progress: 30/41 chunks downloaded
2025-03-18 13:26:55 - INFO - Requesting chunk 34 from ['137.158.160.145', 59197]
2025-03-18 13:26:55 - INFO - Received 32768/1048576 bytes (3.1%)
2025-03-18 13:26:55 - INFO - Received 65536/1048576 bytes (6.2%)
2025-03-18 13:26:55 - INFO - Received 131072/1048576 bytes (12.5%)
2025-03-18 13:26:55 - INFO - Received 196608/1048576 bytes (18.8%)
2025-03-18 13:26:55 - INFO - Received 262144/1048576 bytes (25.0%)
2025-03-18 13:26:55 - INFO - Received 327680/1048576 bytes (31.2%)
2025-03-18 13:26:55 - INFO - Received 393216/1048576 bytes (37.5%)
2025-03-18 13:26:55 - INFO - Received 458752/1048576 bytes (43.8%)
2025-03-18 13:26:55 - INFO - Received 524288/1048576 bytes (50.0%)
2025-03-18 13:26:55 - INFO - Received 589824/1048576 bytes (56.2%)
2025-03-18 13:26:55 - INFO - Received 655360/1048576 bytes (62.5%)
2025-03-18 13:26:55 - INFO - Received 720896/1048576 bytes (68.8%)
2025-03-18 13:26:55 - INFO - Received 786432/1048576 bytes (75.0%)
2025-03-18 13:26:55 - INFO - Received 851968/1048576 bytes (81.2%)
2025-03-18 13:26:55 - INFO - Received 917504/1048576 bytes (87.5%)
2025-03-18 13:26:55 - INFO - Received 983040/1048576 bytes (93.8%)
2025-03-18 13:26:55 - INFO - Received 1048576/1048576 bytes (100.0%)
2025-03-18 13:26:55 - INFO - Successfully received chunk 30 (1048576 bytes)
2025-03-18 13:26:55 - INFO - Progress: 31/41 chunks downloaded
2025-03-18 13:26:55 - INFO - Requesting chunk 35 from ['137.158.160.145', 58317]
2025-03-18 13:26:55 - INFO - Received 32768/1048576 bytes (3.1%)
2025-03-18 13:26:55 - INFO - Received 65536/1048576 bytes (6.2%)
2025-03-18 13:26:55 - INFO - Received 131072/1048576 bytes (12.5%)
2025-03-18 13:26:55 - INFO - Received 196608/1048576 bytes (18.8%)
2025-03-18 13:26:55 - INFO - Received 262144/1048576 bytes (25.0%)
2025-03-18 13:26:55 - INFO - Received 327680/1048576 bytes (31.2%)
2025-03-18 13:26:55 - INFO - Received 393216/1048576 bytes (37.5%)
2025-03-18 13:26:55 - INFO - Received 458752/1048576 bytes (43.8%)
2025-03-18 13:26:55 - INFO - Received 491520/1048576 bytes (46.9%)
2025-03-18 13:26:55 - INFO - Received 557056/1048576 bytes (53.1%)
2025-03-18 13:26:55 - INFO - Received 622592/1048576 bytes (59.4%)
2025-03-18 13:26:55 - INFO - Received 688128/1048576 bytes (65.6%)
2025-03-18 13:26:55 - INFO - Received 753664/1048576 bytes (71.9%)
2025-03-18 13:26:55 - INFO - Received 819200/1048576 bytes (78.1%)
2025-03-18 13:26:55 - INFO - Received 884736/1048576 bytes (84.4%)
2025-03-18 13:26:55 - INFO - Received 950272/1048576 bytes (90.6%)
2025-03-18 13:26:55 - INFO - Received 1015808/1048576 bytes (96.9%)
2025-03-18 13:26:55 - INFO - Received 1048576/1048576 bytes (100.0%)
2025-03-18 13:26:55 - INFO - Successfully received chunk 31 (1048576 bytes)
2025-03-18 13:26:55 - INFO - Progress: 32/41 chunks downloaded
2025-03-18 13:26:55 - INFO - Requesting chunk 36 from ['137.158.160.145', 58317]
2025-03-18 13:26:55 - INFO - Received 32768/1048576 bytes (3.1%)
2025-03-18 13:26:55 - INFO - Received 65536/1048576 bytes (6.2%)
2025-03-18 13:26:55 - INFO - Received 131072/1048576 bytes (12.5%)
2025-03-18 13:26:55 - INFO - Received 163840/1048576 bytes (15.6%)
2025-03-18 13:26:55 - INFO - Received 229376/1048576 bytes (21.9%)
2025-03-18 13:26:55 - INFO - Received 294912/1048576 bytes (28.1%)
2025-03-18 13:26:55 - INFO - Received 360448/1048576 bytes (34.4%)
2025-03-18 13:26:55 - INFO - Received 425984/1048576 bytes (40.6%)
2025-03-18 13:26:55 - INFO - Received 491520/1048576 bytes (46.9%)
2025-03-18 13:26:55 - INFO - Received 557056/1048576 bytes (53.1%)
2025-03-18 13:26:55 - INFO - Received 622592/1048576 bytes (59.4%)
2025-03-18 13:26:55 - INFO - Received 688128/1048576 bytes (65.6%)
2025-03-18 13:26:55 - INFO - Received 753664/1048576 bytes (71.9%)
2025-03-18 13:26:55 - INFO - Received 819200/1048576 bytes (78.1%)
2025-03-18 13:26:55 - INFO - Received 884736/1048576 bytes (84.4%)
2025-03-18 13:26:55 - INFO - Received 950272/1048576 bytes (90.6%)
2025-03-18 13:26:55 - INFO - Received 1015808/1048576 bytes (96.9%)
2025-03-18 13:26:55 - INFO - Received 1048576/1048576 bytes (100.0%)
2025-03-18 13:26:55 - INFO - Successfully received chunk 32 (1048576 bytes)
2025-03-18 13:26:55 - INFO - Progress: 33/41 chunks downloaded
2025-03-18 13:26:55 - INFO - Requesting chunk 37 from ['137.158.160.145', 58317]
2025-03-18 13:26:55 - INFO - Received 32768/1048576 bytes (3.1%)
2025-03-18 13:26:55 - INFO - Received 65536/1048576 bytes (6.2%)
2025-03-18 13:26:55 - INFO - Received 131072/1048576 bytes (12.5%)
2025-03-18 13:26:55 - INFO - Received 196608/1048576 bytes (18.8%)
2025-03-18 13:26:55 - INFO - Received 262144/1048576 bytes (25.0%)
2025-03-18 13:26:55 - INFO - Received 327680/1048576 bytes (31.2%)
2025-03-18 13:26:55 - INFO - Received 393216/1048576 bytes (37.5%)
2025-03-18 13:26:55 - INFO - Received 458752/1048576 bytes (43.8%)
2025-03-18 13:26:55 - INFO - Received 524288/1048576 bytes (50.0%)
2025-03-18 13:26:55 - INFO - Received 589824/1048576 bytes (56.2%)
2025-03-18 13:26:55 - INFO - Received 655360/1048576 bytes (62.5%)
2025-03-18 13:26:55 - INFO - Received 720896/1048576 bytes (68.8%)
2025-03-18 13:26:55 - INFO - Received 786432/1048576 bytes (75.0%)
2025-03-18 13:26:55 - INFO - Received 851968/1048576 bytes (81.2%)
2025-03-18 13:26:55 - INFO - Received 917504/1048576 bytes (87.5%)
2025-03-18 13:26:55 - INFO - Received 983040/1048576 bytes (93.8%)
2025-03-18 13:26:55 - INFO - Received 1048576/1048576 bytes (100.0%)
2025-03-18 13:26:55 - INFO - Successfully received chunk 33 (1048576 bytes)
2025-03-18 13:26:55 - INFO - Progress: 34/41 chunks downloaded
2025-03-18 13:26:55 - INFO - Requesting chunk 38 from ['137.158.160.145', 58317]
2025-03-18 13:26:56 - INFO - Received 32768/1048576 bytes (3.1%)
2025-03-18 13:26:56 - INFO - Received 65536/1048576 bytes (6.2%)
2025-03-18 13:26:56 - INFO - Received 131072/1048576 bytes (12.5%)
2025-03-18 13:26:56 - INFO - Received 196608/1048576 bytes (18.8%)
2025-03-18 13:26:56 - INFO - Received 262144/1048576 bytes (25.0%)
2025-03-18 13:26:56 - INFO - Received 327680/1048576 bytes (31.2%)
2025-03-18 13:26:56 - INFO - Received 393216/1048576 bytes (37.5%)
2025-03-18 13:26:56 - INFO - Received 458752/1048576 bytes (43.8%)
2025-03-18 13:26:56 - INFO - Received 524288/1048576 bytes (50.0%)
2025-03-18 13:26:56 - INFO - Received 589824/1048576 bytes (56.2%)
2025-03-18 13:26:56 - INFO - Received 655360/1048576 bytes (62.5%)
2025-03-18 13:26:56 - INFO - Received 720896/1048576 bytes (68.8%)
2025-03-18 13:26:56 - INFO - Received 786432/1048576 bytes (75.0%)
2025-03-18 13:26:56 - INFO - Received 851968/1048576 bytes (81.2%)
2025-03-18 13:26:56 - INFO - Received 917504/1048576 bytes (87.5%)
2025-03-18 13:26:56 - INFO - Received 983040/1048576 bytes (93.8%)
2025-03-18 13:26:56 - INFO - Received 1048576/1048576 bytes (100.0%)
2025-03-18 13:26:56 - INFO - Successfully received chunk 34 (1048576 bytes)
2025-03-18 13:26:56 - INFO - Progress: 35/41 chunks downloaded
2025-03-18 13:26:56 - INFO - Requesting chunk 39 from ['137.158.160.145', 59197]
2025-03-18 13:26:56 - INFO - Received 32768/1048576 bytes (3.1%)
2025-03-18 13:26:56 - INFO - Received 65536/1048576 bytes (6.2%)
2025-03-18 13:26:56 - INFO - Received 131072/1048576 bytes (12.5%)
2025-03-18 13:26:56 - INFO - Received 196608/1048576 bytes (18.8%)
2025-03-18 13:26:56 - INFO - Received 262144/1048576 bytes (25.0%)
2025-03-18 13:26:56 - INFO - Received 327680/1048576 bytes (31.2%)
2025-03-18 13:26:56 - INFO - Received 393216/1048576 bytes (37.5%)
2025-03-18 13:26:56 - INFO - Received 458752/1048576 bytes (43.8%)
2025-03-18 13:26:56 - INFO - Received 524288/1048576 bytes (50.0%)
2025-03-18 13:26:56 - INFO - Received 589824/1048576 bytes (56.2%)
2025-03-18 13:26:56 - INFO - Received 655360/1048576 bytes (62.5%)
2025-03-18 13:26:56 - INFO - Received 720896/1048576 bytes (68.8%)
2025-03-18 13:26:56 - INFO - Received 786432/1048576 bytes (75.0%)
2025-03-18 13:26:56 - INFO - Received 851968/1048576 bytes (81.2%)
2025-03-18 13:26:56 - INFO - Received 917504/1048576 bytes (87.5%)
2025-03-18 13:26:56 - INFO - Received 983040/1048576 bytes (93.8%)
2025-03-18 13:26:56 - INFO - Received 1048576/1048576 bytes (100.0%)
2025-03-18 13:26:56 - INFO - Successfully received chunk 35 (1048576 bytes)
2025-03-18 13:26:56 - INFO - Received 32768/1048576 bytes (3.1%)
2025-03-18 13:26:56 - INFO - Received 65536/1048576 bytes (6.2%)
2025-03-18 13:26:56 - INFO - Received 131072/1048576 bytes (12.5%)
2025-03-18 13:26:56 - INFO - Received 196608/1048576 bytes (18.8%)
2025-03-18 13:26:56 - INFO - Received 262144/1048576 bytes (25.0%)
2025-03-18 13:26:56 - INFO - Received 327680/1048576 bytes (31.2%)
2025-03-18 13:26:56 - INFO - Received 393216/1048576 bytes (37.5%)
2025-03-18 13:26:56 - INFO - Received 458752/1048576 bytes (43.8%)
2025-03-18 13:26:56 - INFO - Received 524288/1048576 bytes (50.0%)
2025-03-18 13:26:56 - INFO - Received 589824/1048576 bytes (56.2%)
2025-03-18 13:26:56 - INFO - Received 655360/1048576 bytes (62.5%)
2025-03-18 13:26:56 - INFO - Received 720896/1048576 bytes (68.8%)
2025-03-18 13:26:56 - INFO - Received 786432/1048576 bytes (75.0%)
2025-03-18 13:26:56 - INFO - Received 851968/1048576 bytes (81.2%)
2025-03-18 13:26:56 - INFO - Received 917504/1048576 bytes (87.5%)
2025-03-18 13:26:56 - INFO - Received 983040/1048576 bytes (93.8%)
2025-03-18 13:26:56 - INFO - Received 1048576/1048576 bytes (100.0%)
2025-03-18 13:26:56 - INFO - Successfully received chunk 36 (1048576 bytes)
2025-03-18 13:26:56 - INFO - Progress: 36/41 chunks downloaded
2025-03-18 13:26:56 - INFO - Requesting chunk 40 from ['137.158.160.145', 58317]
2025-03-18 13:26:56 - INFO - Received 32768/1048576 bytes (3.1%)
2025-03-18 13:26:56 - INFO - Received 65536/1048576 bytes (6.2%)
2025-03-18 13:26:56 - INFO - Received 131072/1048576 bytes (12.5%)
2025-03-18 13:26:56 - INFO - Received 196608/1048576 bytes (18.8%)
2025-03-18 13:26:56 - INFO - Received 262144/1048576 bytes (25.0%)
2025-03-18 13:26:56 - INFO - Received 327680/1048576 bytes (31.2%)
2025-03-18 13:26:56 - INFO - Received 393216/1048576 bytes (37.5%)
2025-03-18 13:26:56 - INFO - Received 458752/1048576 bytes (43.8%)
2025-03-18 13:26:56 - INFO - Received 524288/1048576 bytes (50.0%)
2025-03-18 13:26:56 - INFO - Received 589824/1048576 bytes (56.2%)
2025-03-18 13:26:56 - INFO - Received 655360/1048576 bytes (62.5%)
2025-03-18 13:26:56 - INFO - Received 720896/1048576 bytes (68.8%)
2025-03-18 13:26:56 - INFO - Received 786432/1048576 bytes (75.0%)
2025-03-18 13:26:56 - INFO - Received 851968/1048576 bytes (81.2%)
2025-03-18 13:26:56 - INFO - Received 917504/1048576 bytes (87.5%)
2025-03-18 13:26:56 - INFO - Received 983040/1048576 bytes (93.8%)
2025-03-18 13:26:56 - INFO - Received 1048576/1048576 bytes (100.0%)
2025-03-18 13:26:56 - INFO - Successfully received chunk 37 (1048576 bytes)
2025-03-18 13:26:56 - INFO - Progress: 37/41 chunks downloaded
2025-03-18 13:26:56 - INFO - Requesting chunk 41 from ['137.158.160.145', 58317]
2025-03-18 13:26:56 - INFO - Progress: 38/41 chunks downloaded
2025-03-18 13:26:56 - INFO - Requesting chunk 42 from ['137.158.160.145', 58317]
2025-03-18 13:26:56 - INFO - Received 32768/1048576 bytes (3.1%)
2025-03-18 13:26:56 - INFO - Received 65536/1048576 bytes (6.2%)
2025-03-18 13:26:56 - INFO - Received 131072/1048576 bytes (12.5%)
2025-03-18 13:26:56 - INFO - Received 196608/1048576 bytes (18.8%)
2025-03-18 13:26:56 - INFO - Received 262144/1048576 bytes (25.0%)
2025-03-18 13:26:56 - INFO - Received 327680/1048576 bytes (31.2%)
2025-03-18 13:26:56 - INFO - Received 393216/1048576 bytes (37.5%)
2025-03-18 13:26:56 - INFO - Received 458752/1048576 bytes (43.8%)
2025-03-18 13:26:56 - INFO - Received 524288/1048576 bytes (50.0%)
2025-03-18 13:26:56 - INFO - Received 589824/1048576 bytes (56.2%)
2025-03-18 13:26:56 - INFO - Received 655360/1048576 bytes (62.5%)
2025-03-18 13:26:56 - INFO - Received 720896/1048576 bytes (68.8%)
2025-03-18 13:26:56 - INFO - Received 786432/1048576 bytes (75.0%)
2025-03-18 13:26:56 - INFO - Received 851968/1048576 bytes (81.2%)
2025-03-18 13:26:56 - INFO - Received 917504/1048576 bytes (87.5%)
2025-03-18 13:26:56 - INFO - Received 983040/1048576 bytes (93.8%)
2025-03-18 13:26:56 - INFO - Received 1048576/1048576 bytes (100.0%)
2025-03-18 13:26:56 - INFO - Successfully received chunk 38 (1048576 bytes)
2025-03-18 13:26:56 - INFO - Progress: 39/41 chunks downloaded
2025-03-18 13:26:56 - INFO - Requesting chunk 43 from ['137.158.160.145', 58317]
2025-03-18 13:26:56 - INFO - Received 32768/1048576 bytes (3.1%)
2025-03-18 13:26:56 - INFO - Received 65536/1048576 bytes (6.2%)
2025-03-18 13:26:56 - INFO - Received 131072/1048576 bytes (12.5%)
2025-03-18 13:26:56 - INFO - Received 196608/1048576 bytes (18.8%)
2025-03-18 13:26:56 - INFO - Received 262144/1048576 bytes (25.0%)
2025-03-18 13:26:56 - INFO - Received 327680/1048576 bytes (31.2%)
2025-03-18 13:26:56 - INFO - Received 393216/1048576 bytes (37.5%)
2025-03-18 13:26:56 - INFO - Received 458752/1048576 bytes (43.8%)
2025-03-18 13:26:56 - INFO - Received 491520/1048576 bytes (46.9%)
2025-03-18 13:26:56 - INFO - Received 524288/1048576 bytes (50.0%)
2025-03-18 13:26:56 - INFO - Received 589771/1048576 bytes (56.2%)
2025-03-18 13:26:56 - INFO - Received 655307/1048576 bytes (62.5%)
2025-03-18 13:26:56 - INFO - Received 720843/1048576 bytes (68.7%)
2025-03-18 13:26:56 - INFO - Received 786379/1048576 bytes (75.0%)
2025-03-18 13:26:56 - INFO - Received 851915/1048576 bytes (81.2%)
2025-03-18 13:26:56 - INFO - Received 917451/1048576 bytes (87.5%)
2025-03-18 13:26:56 - INFO - Received 982987/1048576 bytes (93.7%)
2025-03-18 13:26:56 - INFO - Received 1048523/1048576 bytes (100.0%)
2025-03-18 13:26:56 - INFO - Received 1048576/1048576 bytes (100.0%)
2025-03-18 13:26:56 - INFO - Successfully received chunk 39 (1048576 bytes)
2025-03-18 13:26:56 - INFO - Progress: 40/41 chunks downloaded
2025-03-18 13:26:56 - INFO - Requesting chunk 44 from ['137.158.160.145', 59197]
2025-03-18 13:26:56 - INFO - Received 32768/1048576 bytes (3.1%)
2025-03-18 13:26:56 - INFO - Received 65536/1048576 bytes (6.2%)
2025-03-18 13:26:56 - INFO - Received 131072/1048576 bytes (12.5%)
2025-03-18 13:26:56 - INFO - Received 196608/1048576 bytes (18.8%)
2025-03-18 13:26:56 - INFO - Received 262144/1048576 bytes (25.0%)
2025-03-18 13:26:56 - INFO - Received 327680/1048576 bytes (31.2%)
2025-03-18 13:26:56 - INFO - Received 393216/1048576 bytes (37.5%)
2025-03-18 13:26:56 - INFO - Received 458752/1048576 bytes (43.8%)
2025-03-18 13:26:56 - INFO - Received 524288/1048576 bytes (50.0%)
2025-03-18 13:26:56 - INFO - Received 589824/1048576 bytes (56.2%)
2025-03-18 13:26:56 - INFO - Received 655360/1048576 bytes (62.5%)
2025-03-18 13:26:56 - INFO - Received 720896/1048576 bytes (68.8%)
2025-03-18 13:26:56 - INFO - Received 786432/1048576 bytes (75.0%)
2025-03-18 13:26:56 - INFO - Received 851968/1048576 bytes (81.2%)
2025-03-18 13:26:56 - INFO - Received 917504/1048576 bytes (87.5%)
2025-03-18 13:26:56 - INFO - Received 983040/1048576 bytes (93.8%)
2025-03-18 13:26:56 - INFO - Received 1048576/1048576 bytes (100.0%)
2025-03-18 13:26:56 - INFO - Successfully received chunk 40 (1048576 bytes)
2025-03-18 13:26:56 - INFO - Progress: 41/41 chunks downloaded
2025-03-18 13:26:56 - INFO - Received 32768/1048576 bytes (3.1%)
2025-03-18 13:26:56 - INFO - Received 65536/1048576 bytes (6.2%)
2025-03-18 13:26:56 - INFO - Received 131072/1048576 bytes (12.5%)
2025-03-18 13:26:56 - INFO - Received 163840/1048576 bytes (15.6%)
2025-03-18 13:26:56 - INFO - Received 229376/1048576 bytes (21.9%)
2025-03-18 13:26:56 - INFO - Received 294912/1048576 bytes (28.1%)
2025-03-18 13:26:56 - INFO - Received 360448/1048576 bytes (34.4%)
2025-03-18 13:26:56 - INFO - Received 425984/1048576 bytes (40.6%)
2025-03-18 13:26:56 - INFO - Received 491520/1048576 bytes (46.9%)
2025-03-18 13:26:56 - INFO - Received 557056/1048576 bytes (53.1%)
2025-03-18 13:26:56 - INFO - Received 622592/1048576 bytes (59.4%)
2025-03-18 13:26:56 - INFO - Received 688128/1048576 bytes (65.6%)
2025-03-18 13:26:56 - INFO - Received 753664/1048576 bytes (71.9%)
2025-03-18 13:26:56 - INFO - Received 819200/1048576 bytes (78.1%)
2025-03-18 13:26:56 - INFO - Received 884736/1048576 bytes (84.4%)
2025-03-18 13:26:56 - INFO - Received 950272/1048576 bytes (90.6%)
2025-03-18 13:26:56 - INFO - Received 1015808/1048576 bytes (96.9%)
2025-03-18 13:26:56 - INFO - Received 1048576/1048576 bytes (100.0%)
2025-03-18 13:26:56 - INFO - Successfully received chunk 41 (1048576 bytes)
2025-03-18 13:26:56 - INFO - Progress: 42/42 chunks downloaded
2025-03-18 13:26:56 - INFO - Received 32768/1048576 bytes (3.1%)
2025-03-18 13:26:56 - INFO - Received 65536/1048576 bytes (6.2%)
2025-03-18 13:26:56 - INFO - Received 131072/1048576 bytes (12.5%)
2025-03-18 13:26:56 - INFO - Received 196608/1048576 bytes (18.8%)
2025-03-18 13:26:56 - INFO - Received 262144/1048576 bytes (25.0%)
2025-03-18 13:26:56 - INFO - Received 327680/1048576 bytes (31.2%)
2025-03-18 13:26:56 - INFO - Received 393216/1048576 bytes (37.5%)
2025-03-18 13:26:56 - INFO - Received 458752/1048576 bytes (43.8%)
2025-03-18 13:26:56 - INFO - Received 491520/1048576 bytes (46.9%)
2025-03-18 13:26:56 - INFO - Received 524288/1048576 bytes (50.0%)
2025-03-18 13:26:56 - INFO - Received 589824/1048576 bytes (56.2%)
2025-03-18 13:26:56 - INFO - Received 655360/1048576 bytes (62.5%)
2025-03-18 13:26:56 - INFO - Received 720896/1048576 bytes (68.8%)
2025-03-18 13:26:56 - INFO - Received 786432/1048576 bytes (75.0%)
2025-03-18 13:26:56 - INFO - Received 851703/1048576 bytes (81.2%)
2025-03-18 13:26:56 - INFO - Received 917186/1048576 bytes (87.5%)
2025-03-18 13:26:56 - INFO - Received 982669/1048576 bytes (93.7%)
2025-03-18 13:26:56 - INFO - Received 1048152/1048576 bytes (100.0%)
2025-03-18 13:26:56 - INFO - Received 1048576/1048576 bytes (100.0%)
2025-03-18 13:26:56 - INFO - Successfully received chunk 42 (1048576 bytes)
2025-03-18 13:26:56 - INFO - Progress: 43/43 chunks downloaded
2025-03-18 13:26:56 - INFO - Received 32768/1048576 bytes (3.1%)
2025-03-18 13:26:56 - INFO - Received 65536/1048576 bytes (6.2%)
2025-03-18 13:26:56 - INFO - Received 131072/1048576 bytes (12.5%)
2025-03-18 13:26:56 - INFO - Received 196608/1048576 bytes (18.8%)
2025-03-18 13:26:56 - INFO - Received 262144/1048576 bytes (25.0%)
2025-03-18 13:26:56 - INFO - Received 327680/1048576 bytes (31.2%)
2025-03-18 13:26:56 - INFO - Received 393216/1048576 bytes (37.5%)
2025-03-18 13:26:56 - INFO - Received 458752/1048576 bytes (43.8%)
2025-03-18 13:26:56 - INFO - Received 524288/1048576 bytes (50.0%)
2025-03-18 13:26:56 - INFO - Received 589771/1048576 bytes (56.2%)
2025-03-18 13:26:56 - INFO - Received 655307/1048576 bytes (62.5%)
2025-03-18 13:26:56 - INFO - Received 720737/1048576 bytes (68.7%)
2025-03-18 13:26:56 - INFO - Received 786220/1048576 bytes (75.0%)
2025-03-18 13:26:56 - INFO - Received 851756/1048576 bytes (81.2%)
2025-03-18 13:26:56 - INFO - Received 917186/1048576 bytes (87.5%)
2025-03-18 13:26:56 - INFO - Received 982669/1048576 bytes (93.7%)
2025-03-18 13:26:56 - INFO - Received 1048205/1048576 bytes (100.0%)
2025-03-18 13:26:56 - INFO - Received 1048576/1048576 bytes (100.0%)
2025-03-18 13:26:56 - INFO - Successfully received chunk 43 (1048576 bytes)
2025-03-18 13:26:56 - INFO - Received 35458/35458 bytes (100.0%)
2025-03-18 13:26:56 - INFO - Successfully received chunk 44 (35458 bytes)
2025-03-18 13:26:56 - INFO - Progress: 45/45 chunks downloaded
2025-03-18 13:26:56 - INFO - Progress: 45/45 chunks downloaded
2025-03-18 13:26:56 - INFO - All chunks downloaded. Reassembling file...
2025-03-18 13:26:57 - INFO - Download complete: user/downloads/2.1_Abstraction.pptx
2025-03-18 13:27:16 - INFO - Tracker updated with new files: 200 OK: Files updated for client 'Siyabonga' with address ('137.158.160.145', 41846)
2025-03-18 13:27:21 - INFO - Tracker updated with new files: 200 OK: Files updated for client 'Siyabonga' with address ('137.158.160.145', 41846)
2025-03-18 13:28:21 - INFO - Tracker updated with new files: 200 OK: Files updated for client 'Siyabonga' with address ('137.158.160.145', 41846)
2025-03-18 13:29:21 - INFO - Tracker updated with new files: 200 OK: Files updated for client 'Siyabonga' with address ('137.158.160.145', 41846)
2025-03-18 13:30:21 - INFO - Tracker updated with new files: 200 OK: Files updated for client 'Siyabonga' with address ('137.158.160.145', 41846)
2025-03-18 13:31:22 - INFO - Tracker updated with new files: 200 OK: Files updated for client 'Siyabonga' with address ('137.158.160.145', 41846)
2025-03-18 13:32:22 - INFO - Tracker updated with new files: 200 OK: Files updated for client 'Siyabonga' with address ('137.158.160.145', 41846)
2025-03-18 13:33:22 - INFO - Tracker updated with new files: 200 OK: Files updated for client 'Siyabonga' with address ('137.158.160.145', 41846)
2025-03-18 13:34:22 - INFO - Tracker updated with new files: 200 OK: Files updated for client 'Siyabonga' with address ('137.158.160.145', 41846)
2025-03-18 13:34:56 - INFO - Metadata not available for file EP.8.mp4 from ('137.158.160.145', 53843)
2025-03-18 13:34:56 - ERROR - Could not retrieve metadata for EP.8.mp4 from any seeder
2025-03-18 13:34:57 - INFO - Checking 1 unavailable seeders for recovery...
2025-03-18 13:34:57 - INFO - Seeder ('137.158.160.145', 53843) is back online.
2025-03-18 13:35:22 - INFO - Tracker updated with new files: 200 OK: Files updated for client 'Siyabonga' with address ('137.158.160.145', 41846)
2025-03-18 13:36:22 - INFO - Tracker updated with new files: 200 OK: Files updated for client 'Siyabonga' with address ('137.158.160.145', 41846)
2025-03-18 13:37:22 - INFO - Tracker updated with new files: 200 OK: Files updated for client 'Siyabonga' with address ('137.158.160.145', 41846)
2025-03-18 13:38:22 - INFO - Tracker updated with new files: 200 OK: Files updated for client 'Siyabonga' with address ('137.158.160.145', 41846)
2025-03-18 13:39:22 - INFO - Tracker updated with new files: 200 OK: Files updated for client 'Siyabonga' with address ('137.158.160.145', 41846)
2025-03-18 13:40:23 - INFO - Tracker updated with new files: 200 OK: Files updated for client 'Siyabonga' with address ('137.158.160.145', 41846)
2025-03-18 13:41:23 - INFO - Tracker updated with new files: 200 OK: Files updated for client 'Siyabonga' with address ('137.158.160.145', 41846)
2025-03-18 13:42:23 - INFO - Tracker updated with new files: 200 OK: Files updated for client 'Siyabonga' with address ('137.158.160.145', 41846)
